app/build/intermediates/proguard-rules/release/aapt_rules.txt
# Referenced at full\release\AndroidManifest.xml:49
-keep class com.n1kdo.lotwlook.BuyPizzaActivity { <init>(...); }

# Referenced at full\release\AndroidManifest.xml:70
-keep class com.n1kdo.lotwlook.LotwAdifIntentService { <init>(...); }

# Referenced at full\release\AndroidManifest.xml:73
-keep class com.n1kdo.lotwlook.LotwAdifJobService { <init>(...); }

# Referenced at full\release\AndroidManifest.xml:31
-keep class com.n1kdo.lotwlook.MainActivity { <init>(...); }

# Referenced at full\release\AndroidManifest.xml:41
-keep class com.n1kdo.lotwlook.PreferencesActivity { <init>(...); }

# Referenced at full\release\AndroidManifest.xml:54
-keep class com.n1kdo.lotwlook.SearchActivity { <init>(...); }

# Referenced at full\release\AndroidManifest.xml:59
-keep class com.n1kdo.lotwlook.SearchResultsActivity { <init>(...); }

# Referenced at full\release\AndroidManifest.xml:64
-keep class com.n1kdo.lotwlook.ShowQslDetailsActivity { <init>(...); }

# Referenced at res\layout\activity_buy_pizza.xml:37
-keepclassmembers class * { *** buyPizzaButtonClick(...); }

# Referenced at res\layout\activity_search.xml:29
-keepclassmembers class * { *** dateRangeCheckboxClick(...); }

# Referenced at res\layout\activity_search.xml:80
-keepclassmembers class * { *** endDateButtonClicked(...); }

# Referenced at res\layout\activity_search.xml:152
-keepclassmembers class * { *** searchButtonClick(...); }

# Referenced at res\layout\activity_search.xml:72
-keepclassmembers class * { *** startDateButtonClicked(...); }