app/build/outputs/mapping/release/seeds.txt
com.n1kdo.lotwlook.BuyPizzaActivity
com.n1kdo.lotwlook.BuyPizzaActivity: BuyPizzaActivity()
com.n1kdo.lotwlook.BuyPizzaActivity: void buyPizzaButtonClick(android.view.View)
com.n1kdo.lotwlook.LotwAdifIntentService
com.n1kdo.lotwlook.LotwAdifIntentService: LotwAdifIntentService()
com.n1kdo.lotwlook.LotwAdifJobService
com.n1kdo.lotwlook.LotwAdifJobService: LotwAdifJobService()
com.n1kdo.lotwlook.MainActivity
com.n1kdo.lotwlook.MainActivity: MainActivity()
com.n1kdo.lotwlook.MainActivity$SortColumn: com.n1kdo.lotwlook.MainActivity$SortColumn[] values()
com.n1kdo.lotwlook.MainActivity$SortColumn: com.n1kdo.lotwlook.MainActivity$SortColumn valueOf(java.lang.String)
com.n1kdo.lotwlook.PreferencesActivity
com.n1kdo.lotwlook.PreferencesActivity: PreferencesActivity()
com.n1kdo.lotwlook.R$array: int database_maximum_entries_values
com.n1kdo.lotwlook.R$array: int update_interval_options
com.n1kdo.lotwlook.R$array: int update_interval_values
com.n1kdo.lotwlook.R$attr: int font
com.n1kdo.lotwlook.R$attr: int fontProviderAuthority
com.n1kdo.lotwlook.R$attr: int fontProviderCerts
com.n1kdo.lotwlook.R$attr: int fontProviderFetchStrategy
com.n1kdo.lotwlook.R$attr: int fontProviderFetchTimeout
com.n1kdo.lotwlook.R$attr: int fontProviderPackage
com.n1kdo.lotwlook.R$attr: int fontProviderQuery
com.n1kdo.lotwlook.R$attr: int fontStyle
com.n1kdo.lotwlook.R$attr: int fontWeight
com.n1kdo.lotwlook.R$bool: int abc_action_bar_embed_tabs
com.n1kdo.lotwlook.R$color: int notification_action_color_filter
com.n1kdo.lotwlook.R$color: int notification_icon_bg_color
com.n1kdo.lotwlook.R$color: int ripple_material_light
com.n1kdo.lotwlook.R$color: int secondary_text_default_material_light
com.n1kdo.lotwlook.R$dimen: int compat_button_inset_horizontal_material
com.n1kdo.lotwlook.R$dimen: int compat_button_inset_vertical_material
com.n1kdo.lotwlook.R$dimen: int compat_button_padding_horizontal_material
com.n1kdo.lotwlook.R$dimen: int compat_button_padding_vertical_material
com.n1kdo.lotwlook.R$dimen: int compat_control_corner_material
com.n1kdo.lotwlook.R$dimen: int notification_action_icon_size
com.n1kdo.lotwlook.R$dimen: int notification_action_text_size
com.n1kdo.lotwlook.R$dimen: int notification_big_circle_margin
com.n1kdo.lotwlook.R$dimen: int notification_content_margin_start
com.n1kdo.lotwlook.R$dimen: int notification_large_icon_height
com.n1kdo.lotwlook.R$dimen: int notification_large_icon_width
com.n1kdo.lotwlook.R$dimen: int notification_main_column_padding_top
com.n1kdo.lotwlook.R$dimen: int notification_media_narrow_margin
com.n1kdo.lotwlook.R$dimen: int notification_right_icon_size
com.n1kdo.lotwlook.R$dimen: int notification_right_side_padding_top
com.n1kdo.lotwlook.R$dimen: int notification_small_icon_background_padding
com.n1kdo.lotwlook.R$dimen: int notification_small_icon_size_as_large
com.n1kdo.lotwlook.R$dimen: int notification_subtext_size
com.n1kdo.lotwlook.R$dimen: int notification_top_pad
com.n1kdo.lotwlook.R$dimen: int notification_top_pad_large_text
com.n1kdo.lotwlook.R$dimen: int searchBoxVerticalSpacing
...
android.arch.lifecycle.CompositeGeneratedAdaptersObserver
android.arch.lifecycle.FullLifecycleObserver
android.arch.lifecycle.FullLifecycleObserverAdapter
android.arch.lifecycle.GenericLifecycleObserver
android.arch.lifecycle.Lifecycle$Event: android.arch.lifecycle.Lifecycle$Event ON_CREATE
android.arch.lifecycle.Lifecycle$Event: android.arch.lifecycle.Lifecycle$Event ON_START
android.arch.lifecycle.Lifecycle$Event: android.arch.lifecycle.Lifecycle$Event ON_RESUME
android.arch.lifecycle.Lifecycle$Event: android.arch.lifecycle.Lifecycle$Event ON_PAUSE
android.arch.lifecycle.Lifecycle$Event: android.arch.lifecycle.Lifecycle$Event ON_STOP
android.arch.lifecycle.Lifecycle$Event: android.arch.lifecycle.Lifecycle$Event ON_DESTROY
android.arch.lifecycle.Lifecycle$Event: android.arch.lifecycle.Lifecycle$Event ON_ANY
android.arch.lifecycle.Lifecycle$Event: android.arch.lifecycle.Lifecycle$Event[] $VALUES
android.arch.lifecycle.Lifecycle$Event: android.arch.lifecycle.Lifecycle$Event[] values()
android.arch.lifecycle.Lifecycle$Event: android.arch.lifecycle.Lifecycle$Event valueOf(java.lang.String)
android.arch.lifecycle.Lifecycle$State: android.arch.lifecycle.Lifecycle$State[] values()
android.arch.lifecycle.Lifecycle$State: android.arch.lifecycle.Lifecycle$State valueOf(java.lang.String)
android.arch.lifecycle.ReflectiveGenericLifecycleObserver
android.arch.lifecycle.SingleGeneratedAdapterObserver
android.support.annotation.Keep
android.support.annotation.RestrictTo$Scope: android.support.annotation.RestrictTo$Scope[] values()
android.support.annotation.RestrictTo$Scope: android.support.annotation.RestrictTo$Scope valueOf(java.lang.String)
android.support.compat.R$attr: int font
android.support.compat.R$attr: int fontProviderAuthority
android.support.compat.R$attr: int fontProviderCerts
android.support.compat.R$attr: int fontProviderFetchStrategy
android.support.compat.R$attr: int fontProviderFetchTimeout
android.support.compat.R$attr: int fontProviderPackage
android.support.compat.R$attr: int fontProviderQuery
android.support.compat.R$attr: int fontStyle
android.support.compat.R$attr: int fontWeight
android.support.compat.R$bool: int abc_action_bar_embed_tabs
android.support.compat.R$color: int notification_action_color_filter
android.support.compat.R$color: int notification_icon_bg_color
android.support.compat.R$color: int ripple_material_light
android.support.compat.R$color: int secondary_text_default_material_light
android.support.compat.R$dimen: int compat_button_inset_horizontal_material
android.support.compat.R$dimen: int compat_button_inset_vertical_material
android.support.compat.R$dimen: int compat_button_padding_horizontal_material
android.support.compat.R$dimen: int compat_button_padding_vertical_material
android.support.compat.R$dimen: int compat_control_corner_material
android.support.compat.R$dimen: int notification_action_icon_size
android.support.compat.R$dimen: int notification_action_text_size
android.support.compat.R$dimen: int notification_big_circle_margin
android.support.compat.R$dimen: int notification_content_margin_start
android.support.compat.R$dimen: int notification_large_icon_height
android.support.compat.R$dimen: int notification_large_icon_width
android.support.compat.R$dimen: int notification_main_column_padding_top
android.support.compat.R$dimen: int notification_media_narrow_margin
android.support.compat.R$dimen: int notification_right_icon_size
android.support.compat.R$dimen: int notification_right_side_padding_top
android.support.compat.R$dimen: int notification_small_icon_background_padding
android.support.compat.R$dimen: int notification_small_icon_size_as_large
android.support.compat.R$dimen: int notification_subtext_size
android.support.compat.R$dimen: int notification_top_pad
android.support.compat.R$dimen: int notification_top_pad_large_text