app/build/outputs/mapping/release/mapping.txt
com.n1kdo.lotwlook.BuyPizzaActivity -> com.n1kdo.lotwlook.BuyPizzaActivity:
    java.lang.String TAG -> a
    void <init>() -> <init>
    void onCreate(android.os.Bundle) -> onCreate
    boolean onOptionsItemSelected(android.view.MenuItem) -> onOptionsItemSelected
    void buyPizzaButtonClick(android.view.View) -> buyPizzaButtonClick
    void <clinit>() -> <clinit>
com.n1kdo.lotwlook.LotwAdifIntentService -> com.n1kdo.lotwlook.LotwAdifIntentService:
    java.lang.String TAG -> a
    void <init>() -> <init>
    void onHandleIntent(android.content.Intent) -> onHandleIntent
    java.util.Date dateFromIntentExtra(android.content.Intent,java.lang.String) -> a
    void <clinit>() -> <clinit>
com.n1kdo.lotwlook.LotwAdifJobService -> com.n1kdo.lotwlook.LotwAdifJobService:
    java.lang.String TAG -> a
    void <init>() -> <init>
    boolean onStartJob(android.app.job.JobParameters) -> onStartJob
    boolean onStopJob(android.app.job.JobParameters) -> onStopJob
    java.lang.String access$100() -> a
    void access$200(com.n1kdo.lotwlook.LotwAdifJobService) -> a
    void <clinit>() -> <clinit>
com.n1kdo.lotwlook.LotwAdifJobService$LoTWQueryThread -> com.n1kdo.lotwlook.LotwAdifJobService$a:
    android.app.job.JobParameters jobParameters -> a
    com.n1kdo.lotwlook.LotwAdifJobService service -> b
    void <init>(com.n1kdo.lotwlook.LotwAdifJobService,android.app.job.JobParameters) -> <init>
    void run() -> run
    void <init>(com.n1kdo.lotwlook.LotwAdifJobService,android.app.job.JobParameters,byte) -> <init>
com.n1kdo.lotwlook.MainActivity -> com.n1kdo.lotwlook.MainActivity:
    java.lang.String TAG -> c
    android.app.ProgressDialog progressDialog -> d
    android.view.Menu menu -> e
    java.lang.String username -> f
    long lastQslSeen -> g
    long highestQslIdShownOnScreen -> h
    long lastQslDateTime -> i
    boolean hasDonated -> j
    boolean errorHidesBuyButton -> k
    com.n1kdo.iab.IabHelper iabHelper -> l
    java.lang.String pizzaPriceString -> m
    java.util.List adifRecordsList -> n
    com.n1kdo.iab.IabHelper$QueryInventoryFinishedListener mGotInventoryListener -> a
    com.n1kdo.iab.IabHelper$OnIabPurchaseFinishedListener mPurchaseFinishedListener -> b
    void <init>() -> <init>
    void onCreate(android.os.Bundle) -> onCreate
    void onDestroy() -> onDestroy
    boolean onCreateOptionsMenu(android.view.Menu) -> onCreateOptionsMenu
    java.lang.String getPayloadKey(java.lang.String) -> b
    void updateUi() -> a
    void showTable$788a47e0(int,boolean) -> a
    boolean onOptionsItemSelected(android.view.MenuItem) -> onOptionsItemSelected
    boolean isConnected() -> c
    boolean checkIsOnline() -> d
    void onActivityResult(int,int,android.content.Intent) -> onActivityResult
    void alertCredentials() -> e
    void setWaitScreen(boolean) -> a
    void complain(java.lang.String) -> a
    java.lang.String access$100() -> b
    com.n1kdo.iab.IabHelper access$200(com.n1kdo.lotwlook.MainActivity) -> a
com.n1kdo.lotwlook.MainActivity$1 -> com.n1kdo.lotwlook.MainActivity$1:
    com.n1kdo.lotwlook.MainActivity this$0 -> a
    void <init>(com.n1kdo.lotwlook.MainActivity) -> <init>
    void onIabSetupFinished(com.n1kdo.iab.IabResult) -> a
com.n1kdo.lotwlook.MainActivity$10 -> com.n1kdo.lotwlook.MainActivity$2:
    int val$sortColumn$669ff241 -> a
    boolean val$descending -> b
    com.n1kdo.lotwlook.MainActivity this$0 -> c
    void <init>(com.n1kdo.lotwlook.MainActivity,int,boolean) -> <init>
    void onClick(android.view.View) -> onClick
com.n1kdo.lotwlook.MainActivity$11 -> com.n1kdo.lotwlook.MainActivity$3:
    com.n1kdo.adif.AdifRecord val$adifRecord -> a
    com.n1kdo.lotwlook.MainActivity this$0 -> b
    void <init>(com.n1kdo.lotwlook.MainActivity,com.n1kdo.adif.AdifRecord) -> <init>
    void onClick(android.view.View) -> onClick
...
com.n1kdo.adif.AdifRecord$5 -> com.n1kdo.a.f$5:
    void <init>() -> <init>
    int compare(java.lang.Object,java.lang.Object) -> compare
com.n1kdo.adif.AdifRecord$6 -> com.n1kdo.a.f$6:
    void <init>() -> <init>
    int compare(java.lang.Object,java.lang.Object) -> compare
com.n1kdo.adif.AdifRecord$7 -> com.n1kdo.a.f$7:
    void <init>() -> <init>
    int compare(java.lang.Object,java.lang.Object) -> compare
com.n1kdo.adif.AdifRecord$8 -> com.n1kdo.a.f$8:
    void <init>() -> <init>
    int compare(java.lang.Object,java.lang.Object) -> compare
com.n1kdo.adif.AdifRecord$9 -> com.n1kdo.a.f$9:
    int[] $SwitchMap$com$n1kdo$adif$AdifRecord$AdifRecordKeys -> a
    void <clinit>() -> <clinit>
com.n1kdo.adif.AdifRecord$AdifRecordKeys -> com.n1kdo.a.f$a:
    com.n1kdo.adif.AdifRecord$AdifRecordKeys APP_LOTW_2XQSL -> a
    com.n1kdo.adif.AdifRecord$AdifRecordKeys APP_LOTW_CQZ_INFERRED -> b
    com.n1kdo.adif.AdifRecord$AdifRecordKeys APP_LOTW_CREDIT_GRANTED -> c
    com.n1kdo.adif.AdifRecord$AdifRecordKeys APP_LOTW_DXCC_ENTITY_STATUS -> d
    com.n1kdo.adif.AdifRecord$AdifRecordKeys APP_LOTW_ITUZ_INFERRED -> e
    com.n1kdo.adif.AdifRecord$AdifRecordKeys APP_LOTW_MODEGROUP -> f
    com.n1kdo.adif.AdifRecord$AdifRecordKeys APP_LOTW_NPSUNIT -> g
    com.n1kdo.adif.AdifRecord$AdifRecordKeys APP_LOTW_OWNCALL -> h
    com.n1kdo.adif.AdifRecord$AdifRecordKeys APP_LOTW_QSLMODE -> i
    com.n1kdo.adif.AdifRecord$AdifRecordKeys BAND -> j
    com.n1kdo.adif.AdifRecord$AdifRecordKeys CALL -> k
    com.n1kdo.adif.AdifRecord$AdifRecordKeys CNTY -> l
    com.n1kdo.adif.AdifRecord$AdifRecordKeys COUNTRY -> m
    com.n1kdo.adif.AdifRecord$AdifRecordKeys CQZ -> n
    com.n1kdo.adif.AdifRecord$AdifRecordKeys CREDIT_GRANTED -> o
    com.n1kdo.adif.AdifRecord$AdifRecordKeys DXCC -> p
    com.n1kdo.adif.AdifRecord$AdifRecordKeys FREQ -> q
    com.n1kdo.adif.AdifRecord$AdifRecordKeys FREQ_RX -> r
    com.n1kdo.adif.AdifRecord$AdifRecordKeys GRIDSQUARE -> s
    com.n1kdo.adif.AdifRecord$AdifRecordKeys IOTA -> t
    com.n1kdo.adif.AdifRecord$AdifRecordKeys ITUZ -> u
    com.n1kdo.adif.AdifRecord$AdifRecordKeys MODE -> v
    com.n1kdo.adif.AdifRecord$AdifRecordKeys PFX -> w
com.n1kdo.adif.AdifResult -> com.n1kdo.a.g:
    com.n1kdo.adif.AdifHeader header -> a
    java.util.ArrayList records -> b
    void <init>(com.n1kdo.adif.AdifHeader,java.util.ArrayList) -> <init>
    com.n1kdo.adif.AdifResult readAdif(java.io.BufferedReader) -> a
com.n1kdo.adif.AdifResult$1 -> com.n1kdo.a.g$1:
    int[] $SwitchMap$com$n1kdo$adif$AdifResult$LOTW_READ_STATE -> a
    void <clinit>() -> <clinit>
com.n1kdo.adif.AdifResult$LOTW_READ_STATE -> com.n1kdo.a.g$a:
    int HEADER$4d54d898 -> a
    int ADIF_HEADER$4d54d898 -> b
    int ADIF_RECORDS$4d54d898 -> c
    int HTML$4d54d898 -> d
    int[] $VALUES$34b63d3 -> e
    int[] values$44de1c52() -> a
    void <clinit>() -> <clinit>
com.n1kdo.adif.AdifResultException -> com.n1kdo.a.h:
    java.lang.String[] messages -> b
    int exceptionType -> a
    java.lang.String exceptionText -> c
    void <init>(int) -> <init>
    void <init>(java.lang.Exception) -> <init>
    void <init>(java.lang.String) -> <init>
    java.lang.String getMessage() -> getMessage
    void <clinit>() -> <clinit>
com.n1kdo.iab.Base64 -> com.n1kdo.b.a:
    byte[] DECODABET -> a
    int decode4to3(byte[],byte[],int,byte[]) -> a
    byte[] decode(java.lang.String) -> a
    void <clinit>() -> <clinit>
com.n1kdo.iab.Base64DecoderException -> com.n1kdo.b.b:
    void <init>() -> <init>
    void <init>(java.lang.String) -> <init>
com.n1kdo.iab.IabException -> com.n1kdo.b.c:
    com.n1kdo.iab.IabResult mResult -> a
    void <init>(com.n1kdo.iab.IabResult) -> <init>
    void <init>(int,java.lang.String) -> <init>
    void <init>(com.n1kdo.iab.IabResult,java.lang.Exception) -> <init>
    void <init>(int,java.lang.String,java.lang.Exception) -> <init>