app/build/outputs/mapping/release/usage.txt
com.n1kdo.lotwlook.BuildConfig
com.n1kdo.lotwlook.BuyPizzaActivity:
    public static final java.lang.String PIZZA_PRICE_STRING
    static final java.lang.String AFTER_OCHO
com.n1kdo.lotwlook.LotwAdifIntentService:
    static final java.lang.String L1
    public static final java.lang.String PENDING_RESULT
    public static final java.lang.String CALLSIGN
    public static final java.lang.String DETAIL
    public static final java.lang.String QSL_SINCE_DATE
    public static final java.lang.String QSO_START_DATE
    public static final java.lang.String QSO_END_DATE
    public static final java.lang.String QSO_MODE
    public static final java.lang.String QSO_BAND
    public static final java.lang.String QSO_DXCC
    public static final java.lang.String UPDATE_DATABASE
    public static final java.lang.String ADIF_RECORDS_LIST
    public static final java.lang.String NEW_QSL_COUNT
    public static final java.lang.String ERROR_MESSAGE
    public static final java.lang.String TRUNCATED_MESSAGE
    public static final int RESULT_CODE
    public static final int ERROR_CODE
    public static final int NO_CONNECTIVITY_CODE
    public static final int NO_CREDENTIALS_CODE
    public static final int BAD_CREDENTIALS_CODE
    public static final int LOGIN_FAILURE_CODE
com.n1kdo.lotwlook.MainActivity:
    private static final java.lang.String L0
    private static final java.lang.String L2
    private static final java.lang.String L4
    private static final java.lang.String L6
    private static final java.lang.String L8
    public static final int LOTW_ADIF_REQUEST_CODE
    public static final int BUY_REQUEST_CODE
    public static final int LOTW_UPDATE_JOB_ID
    static final int PURCHASE_COMPLETE_REQUEST_CODE
    private static final java.lang.String SKU_PIZZA
com.n1kdo.lotwlook.PreferencesActivity:
    static final java.lang.String L7
    public static final java.lang.String PREFERENCES_KEY
    public static final java.lang.String UPDATE_INTERVAL_KEY_NAME
    public static final java.lang.String MAX_DATABASE_ENTRIES_KEY
    public static final java.lang.String LAST_SEEN_QSL_KEY
    public static final java.lang.String LAST_QSL_DATE_KEY
    public static final java.lang.String PIZZA_PURCHASE_KEY
    public static final java.lang.String USERNAME_KEY
    public static final java.lang.String OWNCALL_KEY
    public static final java.lang.String PASSWORD_KEY
com.n1kdo.lotwlook.R
com.n1kdo.lotwlook.R$array
com.n1kdo.lotwlook.R$attr
com.n1kdo.lotwlook.R$bool
com.n1kdo.lotwlook.R$color
com.n1kdo.lotwlook.R$dimen
com.n1kdo.lotwlook.R$drawable
com.n1kdo.lotwlook.R$id
com.n1kdo.lotwlook.R$integer
com.n1kdo.lotwlook.R$layout
com.n1kdo.lotwlook.R$menu
com.n1kdo.lotwlook.R$plurals
com.n1kdo.lotwlook.R$string
com.n1kdo.lotwlook.R$style
com.n1kdo.lotwlook.R$styleable
com.n1kdo.lotwlook.R$xml
com.n1kdo.lotwlook.SearchActivity:
    static final java.lang.String L5
    private static final int LOTW_ADIF_REQUEST_CODE
    private static final long DAY_IN_MILLISECONDS
    private static final long ALMOST_A_DAY_IN_MILLISECONDS
com.n1kdo.lotwlook.ShowQslDetailsActivity:
    static final java.lang.String L3
    public static final java.lang.String ADIF_RECORD
com.n1kdo.lotwlook.Util:
    private static final java.lang.String NOTIFICATION_CHANNEL_ID
    33:34:static boolean isItMe(java.lang.String)
com.n1kdo.lotwlook.data.AdifRecordEntry
com.n1kdo.lotwlook.data.LoTWLookDAO:
    private static final java.lang.String SELECT_BY_ID
    private static final java.lang.String SELECT_BEFORE_ID
    private static final java.lang.String SELECT_DUP_QSL
...
android.support.v4.widget.TextViewCompat$TextViewCompatApi18Impl
android.support.v4.widget.TextViewCompat$TextViewCompatApi23Impl
android.support.v4.widget.TextViewCompat$TextViewCompatApi26Impl
android.support.v4.widget.TextViewCompat$TextViewCompatApi26Impl$1
android.support.v4.widget.TextViewCompat$TextViewCompatApi27Impl
android.support.v4.widget.TextViewCompat$TextViewCompatBaseImpl
android.support.v4.widget.TintableCompoundButton
android.support.v4.widget.TintableImageSourceView
com.android.vending.billing.IInAppBillingService$Stub:
    private static final java.lang.String DESCRIPTOR
    static final int TRANSACTION_isBillingSupported
    static final int TRANSACTION_getSkuDetails
    static final int TRANSACTION_getBuyIntent
    static final int TRANSACTION_getPurchases
    static final int TRANSACTION_consumePurchase
    38:40:public IInAppBillingService$Stub()
    58:58:public android.os.IBinder asBinder()
com.android.vending.billing.IInAppBillingService$Stub$Proxy:
    186:186:public java.lang.String getInterfaceDescriptor()
com.n1kdo.adif.AdifBand:
    63:63:private java.lang.String getName()
    68:68:public static com.n1kdo.adif.AdifBand getAdifBandByName(java.lang.String)
com.n1kdo.adif.AdifBase:
    103:113:static java.util.Date getDate14(java.lang.String)
com.n1kdo.adif.AdifCountry:
    469:469:public final boolean getDeleted()
    486:486:public static java.util.List getAdifCountries()
com.n1kdo.adif.AdifHeader:
    58:58:public final java.lang.String getProgramid()
    63:63:public final int getLotw_numrec()
com.n1kdo.adif.AdifMode:
    78:78:public final java.lang.String getName()
com.n1kdo.adif.AdifRecord:
    private static final java.lang.String CREDIT_GRANTED_DELIMITER
    111:111:public final java.lang.String[] getCreditGranted()
    144:144:public final java.lang.String[] getLotwCreditGranted()
    342:343:public final void setCreditGranted(java.lang.String[])
    415:416:public final void setQsoDate(java.util.Date)
com.n1kdo.adif.AdifResult:
    private static final java.lang.String ADIF_EOH
    private static final java.lang.String ADIF_EOR
    private static final java.lang.String USERNAME_PASSWORD_INCORRECT
    private static final java.lang.String LOGIN_FORM
com.n1kdo.adif.AdifResultException:
    private static final long serialVersionUID
    public static final int INVALID_CREDENTIALS_EXCEPTION
    public static final int LOGIN_FAILED_EXCEPTION
    public static final int IO_EXCEPTION
    public static final int INVALID_ADIF_RESULT
com.n1kdo.iab.Base64:
    private static final byte EQUALS_SIGN
    private static final byte NEW_LINE
    private static final byte WHITE_SPACE_ENC
    private static final byte EQUALS_SIGN_ENC
    88:89:private Base64()
com.n1kdo.iab.Base64DecoderException:
    private static final long serialVersionUID
    35:35:private void readObject(java.io.ObjectInputStream)
    40:40:private static void readObjectNoData()
    45:45:private void writeObject(java.io.ObjectOutputStream)
com.n1kdo.iab.IabException:
    private static final long serialVersionUID
    48:48:private void readObject(java.io.ObjectInputStream)
    53:53:private static void readObjectNoData()
    58:58:private void writeObject(java.io.ObjectOutputStream)